<?xml version="1.0" encoding="UTF-8"?>
<!-- Generated by org.testng.reporters.JUnitReportReporter -->
<testsuite hostname="Delia" failures="0" tests="1" name="Tests.LoginTest" time="28.800" errors="0" timestamp="2023-02-28T20:53:01 EET" skipped="0">
  <testcase classname="Tests.LoginTest" name="metodaTest" time="28.800"/>
  <system-out/>
</testsuite> <!-- Tests.LoginTest -->
