<?xml version="1.0" encoding="UTF-8"?>
<!-- Generated by org.testng.reporters.JUnitReportReporter -->
<testsuite hostname="Delia" failures="0" tests="1" name="Tests.WindowsTest" time="47.195" errors="0" timestamp="2023-02-28T20:53:01 EET" skipped="0">
  <testcase classname="Tests.WindowsTest" name="metodaTest" time="47.195"/>
  <system-out/>
</testsuite> <!-- Tests.WindowsTest -->
