<?xml version="1.0" encoding="UTF-8"?>
<!-- Generated by org.testng.reporters.JUnitReportReporter -->
<testsuite skipped="0" hostname="Delia" name="Tests.LoginTest" tests="1" failures="0" timestamp="2023-03-02T19:07:48 EET" time="14.155" errors="0">
  <testcase name="metodaTest" time="14.155" classname="Tests.LoginTest"/>
  <system-out/>
</testsuite> <!-- Tests.LoginTest -->
