<?xml version="1.0" encoding="UTF-8"?>
<!-- Generated by org.testng.reporters.JUnitReportReporter -->
<testsuite skipped="0" hostname="Delia" name="Tests.RegisterTest" tests="1" failures="0" timestamp="2023-03-02T19:07:48 EET" time="19.912" errors="0">
  <testcase name="metodaTest" time="19.912" classname="Tests.RegisterTest"/>
  <system-out/>
</testsuite> <!-- Tests.RegisterTest -->
