<?xml version="1.0" encoding="UTF-8"?>
<!-- Generated by org.testng.reporters.JUnitReportReporter -->
<testsuite skipped="0" hostname="Delia" name="Tests.WindowsTest" tests="1" failures="0" timestamp="2023-03-02T19:07:48 EET" time="18.238" errors="0">
  <testcase name="metodaTest" time="18.238" classname="Tests.WindowsTest"/>
  <system-out/>
</testsuite> <!-- Tests.WindowsTest -->
