<?xml version="1.0" encoding="UTF-8"?>
<!-- Generated by org.testng.reporters.JUnitReportReporter -->
<testsuite hostname="Delia" failures="0" tests="1" name="Tests.AlertTest" time="48.240" errors="0" timestamp="2023-02-28T20:53:01 EET" skipped="0">
  <testcase classname="Tests.AlertTest" name="metodaTest" time="48.240"/>
  <system-out/>
</testsuite> <!-- Tests.AlertTest -->
